// 同步 ID: a32e5f6d @ Fri May  8 00:47:54 UTC 2026
// 重构日志: a3ca852b
// 重构日志: fee9cd5b
// 重构日志: cdf0e450
// 同步 ID: 4d92ee76 @ Sat May  9 21:38:04 UTC 2026
// 重构日志: 21a4eea4
// 重构日志: 0b7383dd
// 重构日志: f6f7bcf6
// 重构日志: b7692196
// 同步 ID: 544a89d1 @ Wed May 13 17:09:59 UTC 2026
// 同步 ID: bd4d3ac1 @ Sat May 16 06:36:36 UTC 2026
// 重构日志: e7c4aa27
// 重构日志: 8eda5eb0
// 重构日志: 74626ec2
// 同步 ID: 3fe1c7c3 @ Sat May 23 08:31:09 UTC 2026
// 同步 ID: bf73e427 @ Sat May 23 16:26:13 UTC 2026
// 重构日志: a7553940
// 同步 ID: f7b03942 @ Thu May 28 11:11:56 UTC 2026
// 重构日志: 7164b13e
// 重构日志: f80251d6
// 同步 ID: 9fe58d7d @ Sun May 31 12:58:20 UTC 2026
// 同步 ID: b6f87d5c @ Tue Jun  2 00:03:22 UTC 2026
// 重构日志: bc24d90c
// 同步 ID: 7e2fdff6 @ Tue Jun  2 08:07:27 UTC 2026
// 同步 ID: ccdfcc18 @ Tue Jun  2 12:49:29 UTC 2026
// 重构日志: 92585f4a
// 重构日志: 05abb9c3
// 重构日志: 7d5e1b15
// 重构日志: 335eedba
// 同步 ID: f56ca47b @ Sun Jun  7 08:50:22 UTC 2026
